<?xml version="1.0" encoding="UTF-8"?>
<!-- Generated by org.testng.reporters.JUnitReportReporter -->
<testsuite hostname="Sanju" failures="1" tests="2" name="Runner.Ex11_Tags" time="0.107" errors="0" timestamp="2024-12-30T17:40:32 IST" skipped="0">
  <testcase classname="Runner.Ex11_Tags" name="runScenario" time="0.020"/>
  <system-out/>
  <testcase classname="Runner.Ex11_Tags" name="runScenario" time="0.087">
    <failure message="expected [Hello] but found [Hi]" type="java.lang.AssertionError">
      <![CDATA[java.lang.AssertionError: expected [Hello] but found [Hi]
at org.testng.Assert.fail(Assert.java:110)
at org.testng.Assert.failNotEquals(Assert.java:1413)
at org.testng.Assert.assertEqualsImpl(Assert.java:149)
at org.testng.Assert.assertEquals(Assert.java:131)
at org.testng.Assert.assertEquals(Assert.java:655)
at org.testng.Assert.assertEquals(Assert.java:665)
at Steps.LoginToAppWithoutTDSteps.user_should_be_on_home_page(LoginToAppWithoutTDSteps.java:40)
at âœ½.user should be on home page(file:///D:/10th%20Aug%202024/Workspace/10thAug24_CucumberProject/src/test/resources/FeatureFiles/Ex11_Tags.feature:10)
]]>
    </failure>
  </testcase> <!-- runScenario -->
  <system-out/>
</testsuite> <!-- Runner.Ex11_Tags -->
